0 info it worked if it ends with ok
1 verbose cli [ '/usr/bin/node', '/usr/bin/npm', 'run', 'gulp', 'build' ]
2 info using npm@3.5.2
3 info using node@v8.10.0
4 verbose run-script [ 'pregulp', 'gulp', 'postgulp' ]
5 info lifecycle rusty-typescript@0.1.0~pregulp: rusty-typescript@0.1.0
6 silly lifecycle rusty-typescript@0.1.0~pregulp: no script for pregulp, continuing
7 info lifecycle rusty-typescript@0.1.0~gulp: rusty-typescript@0.1.0
8 verbose lifecycle rusty-typescript@0.1.0~gulp: unsafe-perm in lifecycle true
9 verbose lifecycle rusty-typescript@0.1.0~gulp: PATH: /usr/share/npm/bin/node-gyp-bin:/mnt/f/Git/rusty-typescript/node_modules/.bin:/tmp/yarn--1558461506677-0.30079952961327483:/mnt/f/Git/rusty-typescript/node_modules/.bin:/home/thomasdh/.config/yarn/link/node_modules/.bin:/mnt/f/Git/rusty-typescript/node_modules/.bin:/home/thomasdh/.config/yarn/link/node_modules/.bin:/home/thomasdh/.yarn/bin:/usr/libexec/lib/node_modules/npm/bin/node-gyp-bin:/usr/lib/node_modules/npm/bin/node-gyp-bin:/usr/bin/node_modules/npm/bin/node-gyp-bin:/home/thomasdh/.cargo/bin:/usr/local/sbin:/usr/local/bin:/usr/sbin:/usr/bin:/sbin:/bin:/usr/games:/usr/local/games:/mnt/c/Program Files/WindowsApps/CanonicalGroupLimited.UbuntuonWindows_1804.2018.817.0_x64__79rhkp1fndgsc:/mnt/d/Programmas/Python:/mnt/d/Programmas/Python/Scripts:/mnt/d/Programmas/Git/cmd:/mnt/c/Program Files/LLVM/bin:/mnt/d/Programma's/gnuplot/bin:/mnt/d/Programma's/yarn/bin:/mnt/c/Program Files/dotnet:/mnt/d/Program Files/Geth:/mnt/d/Programma's/MinGW/msys/1.0/bin:/mnt/d/Program Files/nodejs:/mnt/c/Users/Thomas/.cargo/bin:/mnt/d/Programma's/texlive/2016/bin/win32:/mnt/c/Users/Thomas/.dnx/bin:/mnt/c/Program Files (x86)/MSBuild/14.0/Bin:/mnt/d/Programma's/Visual Studio 2015/Common7/IDE:/mnt/d/Programma's/Visual Studio 2015/VC/bin:/mnt/d/Programma's/Visual Studio 2015/Common7/Tools:/mnt/c/Windows/Microsoft.NET/Framework/v4.0.30319:/mnt/c/Program Files (x86)/HTML Help Workshop:/mnt/c/Program Files (x86)/Windows Kits/8.1/bin/x86:/mnt/d/Programma's/Python2:/mnt/d/Programma's/Python2/Scripts:/mnt/c/Program Files (x86)/Intel/iCLS Client:/mnt/c/Program Files/Intel/iCLS Client:/mnt/c/Windows/System32:/mnt/c/Windows:/mnt/c/Windows/System32/wbem:/mnt/c/Windows/System32/WindowsPowerShell/v1.0:/mnt/d/AppData/Local/Programs/Microsoft VS Code/bin:/mnt/c/Users/Thomas/AppData/Local/Yarn/bin:/mnt/c/Program Files/Java/jdk-11.0.2/bin:/mnt/c/Users/Thomas/AppData/Roaming/npm:/snap/bin
10 verbose lifecycle rusty-typescript@0.1.0~gulp: CWD: /mnt/f/Git/rusty-typescript
11 silly lifecycle rusty-typescript@0.1.0~gulp: Args: [ '-c', 'gulp --gulpfile build.ts "build"' ]
12 silly lifecycle rusty-typescript@0.1.0~gulp: Returned: code: 1  signal: null
13 info lifecycle rusty-typescript@0.1.0~gulp: Failed to exec gulp script
14 verbose stack Error: rusty-typescript@0.1.0 gulp: `gulp --gulpfile build.ts "build"`
14 verbose stack Exit status 1
14 verbose stack     at EventEmitter.<anonymous> (/usr/share/npm/lib/utils/lifecycle.js:232:16)
14 verbose stack     at emitTwo (events.js:126:13)
14 verbose stack     at EventEmitter.emit (events.js:214:7)
14 verbose stack     at ChildProcess.<anonymous> (/usr/share/npm/lib/utils/spawn.js:24:14)
14 verbose stack     at emitTwo (events.js:126:13)
14 verbose stack     at ChildProcess.emit (events.js:214:7)
14 verbose stack     at maybeClose (internal/child_process.js:925:16)
14 verbose stack     at Process.ChildProcess._handle.onexit (internal/child_process.js:209:5)
15 verbose pkgid rusty-typescript@0.1.0
16 verbose cwd /mnt/f/Git/rusty-typescript
17 error Linux 4.4.0-17134-Microsoft
18 error argv "/usr/bin/node" "/usr/bin/npm" "run" "gulp" "build"
19 error node v8.10.0
20 error npm  v3.5.2
21 error code ELIFECYCLE
22 error rusty-typescript@0.1.0 gulp: `gulp --gulpfile build.ts "build"`
22 error Exit status 1
23 error Failed at the rusty-typescript@0.1.0 gulp script 'gulp --gulpfile build.ts "build"'.
23 error Make sure you have the latest version of node.js and npm installed.
23 error If you do, this is most likely a problem with the rusty-typescript package,
23 error not with npm itself.
23 error Tell the author that this fails on your system:
23 error     gulp --gulpfile build.ts "build"
23 error You can get information on how to open an issue for this project with:
23 error     npm bugs rusty-typescript
23 error Or if that isn't available, you can get their info via:
23 error     npm owner ls rusty-typescript
23 error There is likely additional logging output above.
24 verbose exit [ 1, true ]
